android/app/build/intermediates/manifest_merge_blame_file/debug/manifest-merger-blame-debug-report.txt
1<?xml version="1.0" encoding="utf-8"?>
2<manifest xmlns:android="http://schemas.android.com/apk/res/android"
3    package="com.jkl"
4    android:versionCode="1"
5    android:versionName="1.0" >
6
7    <uses-sdk
8        android:minSdkVersion="22"
9        android:targetSdkVersion="29" />
10
11    <uses-permission android:name="android.permission.SYSTEM_ALERT_WINDOW" />
11-->src/debug/AndroidManifest.xml:5:5-77
11-->src/debug/AndroidManifest.xml:5:22-75
12    <uses-permission android:name="android.permission.INTERNET" />
12-->src/main/AndroidManifest.xml:4:5-67
12-->src/main/AndroidManifest.xml:4:22-64
13    <uses-permission android:name="android.permission.ACCESS_WIFI_STATE" />
13-->[com.facebook.flipper:flipper:0.54.0] AndroidManifest.xml:16:5-76
13-->[com.facebook.flipper:flipper:0.54.0] AndroidManifest.xml:16:22-73
14
15    <application
15-->src/main/AndroidManifest.xml:6:5-26:19
16        android:name="com.jkl.MainApplication"
16-->src/main/AndroidManifest.xml:7:7-38
17        android:allowBackup="false"
17-->src/main/AndroidManifest.xml:11:7-34
18        android:appComponentFactory="androidx.core.app.CoreComponentFactory"
18-->[androidx.core:core:1.3.1] AndroidManifest.xml:24:18-86
19        android:debuggable="true"
20        android:icon="@mipmap/ic_launcher"
20-->src/main/AndroidManifest.xml:9:7-41
21        android:label="@string/app_name"
21-->src/main/AndroidManifest.xml:8:7-39
22        android:roundIcon="@mipmap/ic_launcher_round"
22-->src/main/AndroidManifest.xml:10:7-52
23        android:theme="@style/AppTheme"
23-->src/main/AndroidManifest.xml:12:7-38
24        android:usesCleartextTraffic="true" >
24-->src/debug/AndroidManifest.xml:7:18-53
25        <activity
25-->src/main/AndroidManifest.xml:13:7-24:18
26            android:name="com.jkl.MainActivity"
26-->src/main/AndroidManifest.xml:14:9-37
27            android:configChanges="keyboard|keyboardHidden|orientation|screenSize|uiMode"
27-->src/main/AndroidManifest.xml:16:9-86
28            android:label="@string/app_name"
28-->src/main/AndroidManifest.xml:15:9-41
29            android:launchMode="singleTask"
29-->src/main/AndroidManifest.xml:17:9-40
30            android:screenOrientation="portrait"
30-->src/main/AndroidManifest.xml:19:11-47
31            android:windowSoftInputMode="adjustResize" >
31-->src/main/AndroidManifest.xml:18:9-51
32            <intent-filter>
32-->src/main/AndroidManifest.xml:20:9-23:25
33                <action android:name="android.intent.action.MAIN" />
33-->src/main/AndroidManifest.xml:21:13-65
33-->src/main/AndroidManifest.xml:21:21-62
34
35                <category android:name="android.intent.category.LAUNCHER" />
35-->src/main/AndroidManifest.xml:22:13-73
35-->src/main/AndroidManifest.xml:22:23-70
36            </intent-filter>
37        </activity>
38        <activity android:name="com.facebook.react.devsupport.DevSettingsActivity" />
38-->src/main/AndroidManifest.xml:25:7-84
38-->src/main/AndroidManifest.xml:25:17-81
39
40        <provider
40-->[:react-native-image-picker] AndroidManifest.xml:12:9-20:20
41            android:name="com.imagepicker.ImagePickerProvider"
41-->[:react-native-image-picker] AndroidManifest.xml:13:13-63
42            android:authorities="com.jkl.imagepickerprovider"
42-->[:react-native-image-picker] AndroidManifest.xml:14:13-71
43            android:exported="false"
43-->[:react-native-image-picker] AndroidManifest.xml:15:13-37
44            android:grantUriPermissions="true" >
44-->[:react-native-image-picker] AndroidManifest.xml:16:13-47
45            <meta-data
45-->[:react-native-image-picker] AndroidManifest.xml:17:13-19:70
46                android:name="android.support.FILE_PROVIDER_PATHS"
46-->[:react-native-image-picker] AndroidManifest.xml:18:17-67
47                android:resource="@xml/imagepicker_provider_paths" />
47-->[:react-native-image-picker] AndroidManifest.xml:19:17-67
48        </provider>
49    </application>
50
51</manifest>